0 info it worked if it ends with ok
1 verbose cli [ '/usr/local/bin/node',
1 verbose cli   '/usr/local/bin/npm',
1 verbose cli   'install',
1 verbose cli   '-g',
1 verbose cli   'browserify' ]
2 info using npm@2.14.20
3 info using node@v4.4.0
4 verbose install initial load of /usr/local/lib/package.json
5 verbose readDependencies loading dependencies from /usr/local/lib/package.json
6 silly cache add args [ 'browserify', null ]
7 verbose cache add spec browserify
8 silly cache add parsed spec Result {
8 silly cache add   raw: 'browserify',
8 silly cache add   scope: null,
8 silly cache add   name: 'browserify',
8 silly cache add   rawSpec: '',
8 silly cache add   spec: 'latest',
8 silly cache add   type: 'tag' }
9 silly addNamed browserify@latest
10 verbose addNamed "latest" is being treated as a dist-tag for browserify
11 info addNameTag [ 'browserify', 'latest' ]
12 silly mapToRegistry name browserify
13 silly mapToRegistry using default registry
14 silly mapToRegistry registry https://registry.npmjs.org/
15 silly mapToRegistry uri https://registry.npmjs.org/browserify
16 verbose addNameTag registry:https://registry.npmjs.org/browserify not in flight; fetching
17 verbose request uri https://registry.npmjs.org/browserify
18 verbose request no auth needed
19 info attempt registry request try #1 at 8:15:00 PM
20 verbose request id 2ab7e0c2a4131769
21 verbose etag "BLOTXV8C6QOUL5Y3BFILUHSGV"
22 http request GET https://registry.npmjs.org/browserify
23 http 304 https://registry.npmjs.org/browserify
24 verbose headers { date: 'Sat, 12 Mar 2016 01:15:02 GMT',
24 verbose headers   via: '1.1 varnish',
24 verbose headers   'cache-control': 'max-age=300',
24 verbose headers   etag: '"BLOTXV8C6QOUL5Y3BFILUHSGV"',
24 verbose headers   age: '214',
24 verbose headers   connection: 'keep-alive',
24 verbose headers   'x-served-by': 'cache-iad2135-IAD',
24 verbose headers   'x-cache': 'HIT',
24 verbose headers   'x-cache-hits': '2',
24 verbose headers   'x-timer': 'S1457745302.011674,VS0,VE0',
24 verbose headers   vary: 'Accept' }
25 silly get cb [ 304,
25 silly get   { date: 'Sat, 12 Mar 2016 01:15:02 GMT',
25 silly get     via: '1.1 varnish',
25 silly get     'cache-control': 'max-age=300',
25 silly get     etag: '"BLOTXV8C6QOUL5Y3BFILUHSGV"',
25 silly get     age: '214',
25 silly get     connection: 'keep-alive',
25 silly get     'x-served-by': 'cache-iad2135-IAD',
25 silly get     'x-cache': 'HIT',
25 silly get     'x-cache-hits': '2',
25 silly get     'x-timer': 'S1457745302.011674,VS0,VE0',
25 silly get     vary: 'Accept' } ]
26 verbose etag https://registry.npmjs.org/browserify from cache
27 verbose get saving browserify to /Users/pkaparis/.npm/registry.npmjs.org/browserify/.cache.json
28 verbose correctMkdir /Users/pkaparis/.npm correctMkdir not in flight; initializing
29 silly addNameTag next cb for browserify with tag latest
30 silly addNamed browserify@13.0.0
31 verbose addNamed "13.0.0" is a plain semver version for browserify
32 silly cache afterAdd browserify@13.0.0
33 verbose afterAdd /Users/pkaparis/.npm/browserify/13.0.0/package/package.json not in flight; writing
34 verbose correctMkdir /Users/pkaparis/.npm correctMkdir not in flight; initializing
35 verbose afterAdd /Users/pkaparis/.npm/browserify/13.0.0/package/package.json written
36 silly install resolved [ { name: 'browserify',
36 silly install resolved     version: '13.0.0',
36 silly install resolved     description: 'browser-side require() the node way',
36 silly install resolved     main: 'index.js',
36 silly install resolved     bin: { browserify: 'bin/cmd.js' },
36 silly install resolved     repository:
36 silly install resolved      { type: 'git',
36 silly install resolved        url: 'git+ssh://git@github.com/substack/node-browserify.git' },
36 silly install resolved     keywords:
36 silly install resolved      [ 'browser',
36 silly install resolved        'require',
36 silly install resolved        'commonjs',
36 silly install resolved        'commonj-esque',
36 silly install resolved        'bundle',
36 silly install resolved        'npm',
36 silly install resolved        'javascript' ],
36 silly install resolved     dependencies:
36 silly install resolved      { JSONStream: '^1.0.3',
36 silly install resolved        assert: '~1.3.0',
36 silly install resolved        'browser-pack': '^6.0.1',
36 silly install resolved        'browser-resolve': '^1.11.0',
36 silly install resolved        'browserify-zlib': '~0.1.2',
36 silly install resolved        buffer: '^4.1.0',
36 silly install resolved        'concat-stream': '~1.5.1',
36 silly install resolved        'console-browserify': '^1.1.0',
36 silly install resolved        'constants-browserify': '~1.0.0',
36 silly install resolved        'crypto-browserify': '^3.0.0',
36 silly install resolved        defined: '^1.0.0',
36 silly install resolved        'deps-sort': '^2.0.0',
36 silly install resolved        'domain-browser': '~1.1.0',
36 silly install resolved        duplexer2: '~0.1.2',
36 silly install resolved        events: '~1.1.0',
36 silly install resolved        glob: '^5.0.15',
36 silly install resolved        has: '^1.0.0',
36 silly install resolved        htmlescape: '^1.1.0',
36 silly install resolved        'stream-http': '^2.0.0',
36 silly install resolved        'https-browserify': '~0.0.0',
36 silly install resolved        inherits: '~2.0.1',
36 silly install resolved        'insert-module-globals': '^7.0.0',
36 silly install resolved        isarray: '0.0.1',
36 silly install resolved        'labeled-stream-splicer': '^2.0.0',
36 silly install resolved        'module-deps': '^4.0.2',
36 silly install resolved        'os-browserify': '~0.1.1',
36 silly install resolved        parents: '^1.0.1',
36 silly install resolved        'path-browserify': '~0.0.0',
36 silly install resolved        process: '~0.11.0',
36 silly install resolved        punycode: '^1.3.2',
36 silly install resolved        'querystring-es3': '~0.2.0',
36 silly install resolved        'read-only-stream': '^2.0.0',
36 silly install resolved        'readable-stream': '^2.0.2',
36 silly install resolved        resolve: '^1.1.4',
36 silly install resolved        shasum: '^1.0.0',
36 silly install resolved        'shell-quote': '^1.4.3',
36 silly install resolved        'stream-browserify': '^2.0.0',
36 silly install resolved        string_decoder: '~0.10.0',
36 silly install resolved        subarg: '^1.0.0',
36 silly install resolved        'syntax-error': '^1.1.1',
36 silly install resolved        through2: '^2.0.0',
36 silly install resolved        'timers-browserify': '^1.0.1',
36 silly install resolved        'tty-browserify': '~0.0.0',
36 silly install resolved        url: '~0.11.0',
36 silly install resolved        util: '~0.10.1',
36 silly install resolved        'vm-browserify': '~0.0.1',
36 silly install resolved        xtend: '^4.0.0' },
36 silly install resolved     devDependencies:
36 silly install resolved      { backbone: '~0.9.2',
36 silly install resolved        'browser-unpack': '^1.1.1',
36 silly install resolved        'coffee-script': '~1.10.0',
36 silly install resolved        coffeeify: '~1.1.0',
36 silly install resolved        es6ify: '~0.4.8',
36 silly install resolved        isstream: '^0.1.2',
36 silly install resolved        seq: '0.3.5',
36 silly install resolved        tap: '^2.2.0',
36 silly install resolved        temp: '^0.8.1',
36 silly install resolved        through: '^2.3.4' },
36 silly install resolved     author:
36 silly install resolved      { name: 'James Halliday',
36 silly install resolved        email: 'mail@substack.net',
36 silly install resolved        url: 'http://substack.net' },
36 silly install resolved     scripts: { test: 'tap test/*.js' },
36 silly install resolved     license: 'MIT',
36 silly install resolved     gitHead: '5b82a2f1bc061cb47ff4aa7c702ed79fc20effa8',
36 silly install resolved     bugs: { url: 'https://github.com/substack/node-browserify/issues' },
36 silly install resolved     homepage: 'https://github.com/substack/node-browserify#readme',
36 silly install resolved     _id: 'browserify@13.0.0',
36 silly install resolved     _shasum: '8f223bb24ff4ee4335e6bea9671de294e43ba6a3',
36 silly install resolved     _from: 'browserify@latest',
36 silly install resolved     _npmVersion: '2.14.7',
36 silly install resolved     _nodeVersion: '4.2.3',
36 silly install resolved     _npmUser: { name: 'feross', email: 'feross@feross.org' },
36 silly install resolved     dist:
36 silly install resolved      { shasum: '8f223bb24ff4ee4335e6bea9671de294e43ba6a3',
36 silly install resolved        tarball: 'http://registry.npmjs.org/browserify/-/browserify-13.0.0.tgz' },
36 silly install resolved     maintainers:
36 silly install resolved      [ [Object],
36 silly install resolved        [Object],
36 silly install resolved        [Object],
36 silly install resolved        [Object],
36 silly install resolved        [Object],
36 silly install resolved        [Object],
36 silly install resolved        [Object],
36 silly install resolved        [Object],
36 silly install resolved        [Object],
36 silly install resolved        [Object],
36 silly install resolved        [Object] ],
36 silly install resolved     directories: {},
36 silly install resolved     _resolved: 'https://registry.npmjs.org/browserify/-/browserify-13.0.0.tgz',
36 silly install resolved     readme: 'ERROR: No README data found!' } ]
37 info install browserify@13.0.0 into /usr/local/lib
38 info installOne browserify@13.0.0
39 verbose installOne of browserify to /usr/local/lib not in flight; installing
40 verbose correctMkdir /Users/pkaparis/.npm/_locks correctMkdir not in flight; initializing
41 verbose lock using /Users/pkaparis/.npm/_locks/browserify-361ec04d0c7090cb.lock for /usr/local/lib/node_modules/browserify
42 silly install write writing browserify 13.0.0 to /usr/local/lib/node_modules/browserify
43 verbose unbuild lib/node_modules/browserify
44 silly gentlyRm /usr/local/lib/node_modules/browserify is being purged from base /usr/local
45 verbose gentlyRm don't care about contents; nuking /usr/local/lib/node_modules/browserify
46 verbose tar unpack /Users/pkaparis/.npm/browserify/13.0.0/package.tgz
47 verbose tar unpacking to /usr/local/lib/node_modules/browserify
48 silly gentlyRm /usr/local/lib/node_modules/browserify is being purged
49 verbose gentlyRm don't care about contents; nuking /usr/local/lib/node_modules/browserify
50 silly gunzTarPerm modes [ '755', '644' ]
51 error tar.unpack untar error /Users/pkaparis/.npm/browserify/13.0.0/package.tgz
52 verbose unlock done using /Users/pkaparis/.npm/_locks/browserify-361ec04d0c7090cb.lock for /usr/local/lib/node_modules/browserify
53 verbose fstream_path /usr/local/lib/node_modules/browserify
54 verbose fstream_type Directory
55 verbose fstream_class DirWriter
56 verbose stack Error: EACCES: permission denied, mkdir '/usr/local/lib/node_modules/browserify'
56 verbose stack     at Error (native)
57 verbose fstream_stack /usr/local/lib/node_modules/npm/node_modules/fstream/lib/dir-writer.js:35:25
57 verbose fstream_stack /usr/local/lib/node_modules/npm/node_modules/mkdirp/index.js:47:53
57 verbose fstream_stack FSReqWrap.oncomplete (fs.js:82:15)
58 verbose cwd /Users/pkaparis/Desktop/Pro_Tech/react-skeleton
59 error Darwin 14.5.0
60 error argv "/usr/local/bin/node" "/usr/local/bin/npm" "install" "-g" "browserify"
61 error node v4.4.0
62 error npm  v2.14.20
63 error path /usr/local/lib/node_modules/browserify
64 error code EACCES
65 error errno -13
66 error syscall mkdir
67 error Error: EACCES: permission denied, mkdir '/usr/local/lib/node_modules/browserify'
67 error     at Error (native)
67 error  { [Error: EACCES: permission denied, mkdir '/usr/local/lib/node_modules/browserify']
67 error   errno: -13,
67 error   code: 'EACCES',
67 error   syscall: 'mkdir',
67 error   path: '/usr/local/lib/node_modules/browserify',
67 error   fstream_type: 'Directory',
67 error   fstream_path: '/usr/local/lib/node_modules/browserify',
67 error   fstream_class: 'DirWriter',
67 error   fstream_stack:
67 error    [ '/usr/local/lib/node_modules/npm/node_modules/fstream/lib/dir-writer.js:35:25',
67 error      '/usr/local/lib/node_modules/npm/node_modules/mkdirp/index.js:47:53',
67 error      'FSReqWrap.oncomplete (fs.js:82:15)' ] }
68 error Please try running this command again as root/Administrator.
69 verbose exit [ -13, true ]
70 verbose unbuild lib/node_modules/browserify
71 silly gentlyRm /usr/local/lib/node_modules/browserify is being purged from base /usr/local
72 verbose gentlyRm don't care about contents; nuking /usr/local/lib/node_modules/browserify
